<?xml version="1.0" encoding="UTF-8"?>
<!-- Generated by org.testng.reporters.JUnitXMLReporter -->
<testsuite ignored="0" hostname="Dell-PC" failures="0" tests="1" name="BankingApp Test" time="0.224" errors="0" timestamp="2021-01-16T11:07:47 IST">
  <testcase classname="com.inetbanking.utilities.BaseTest" name="@BeforeClass setup" time="-1.610775467597E9">
    <failure type="org.testng.TestNGException" message="
Parameter &amp;apos;Browser&amp;apos; is required by BeforeClass on method setup but has not been marked @Optional or defined
in C:\Users\Dell\eclipse-workspace\SmallBusiness\TestNG.xml">
      <![CDATA[org.testng.TestNGException: 
Parameter 'Browser' is required by BeforeClass on method setup but has not been marked @Optional or defined
in C:\Users\Dell\eclipse-workspace\SmallBusiness\TestNG.xml
at java.base/java.util.ArrayList.forEach(ArrayList.java:1511)
... Removed 22 stack frames]]>
    </failure>
  </testcase> <!-- @BeforeClass setup -->
  <testcase classname="com.inetbanking.utilities.BaseTest" name="@AfterClass tearDown" time="-1.610775467767E9">
    <skipped/>
  </testcase> <!-- @AfterClass tearDown -->
  <testcase classname="com.inetbanking.testCases.TC_LoginPage" name="TC_001" time="0.0">
    <skipped/>
  </testcase> <!-- TC_001 -->
</testsuite> <!-- BankingApp Test -->
